<?xml version="1.0" encoding="UTF-8"?>
<!-- Generated by org.testng.reporters.JUnitReportReporter -->
<testsuite hostname="WptIND-F7T37V3" failures="0" tests="4" name="TestCase.TC_002_Verify_Login" time="136.019" errors="0" timestamp="2025-04-24T19:22:53 IST" skipped="0">
  <testcase classname="TestCase.TC_002_Verify_Login" name="verifyLog" time="31.818"/>
  <testcase classname="TestCase.TC_002_Verify_Login" name="verifyLog" time="32.093"/>
  <testcase classname="TestCase.TC_002_Verify_Login" name="verifyLog" time="40.248"/>
  <testcase classname="TestCase.TC_002_Verify_Login" name="verifyLog" time="31.860"/>
</testsuite> <!-- TestCase.TC_002_Verify_Login -->
