<?xml version="1.0" encoding="UTF-8"?>
<!-- Generated by org.testng.reporters.JUnitReportReporter -->
<testsuite hostname="WptIND-F7T37V3" failures="0" tests="1" name="TestCase.TC_001_LoginVerify" time="22.576" errors="0" timestamp="2025-04-24T14:18:53 IST" skipped="0">
  <testcase classname="TestCase.TC_001_LoginVerify" name="verify" time="22.576"/>
</testsuite> <!-- TestCase.TC_001_LoginVerify -->
